<?xml version="1.0" encoding="UTF-8" ?>
<testsuites errors="1"
            failures="1"
            tests="2">

  <testsuite name="google"
    errors="1" failures="1" hostname="" id="" package="google" skipped="0"
    tests="2" time="29.21" timestamp="">
        <properties>

        </properties>
        
            <testcase name="Google search test" classname="google" time="1.881" assertions="2">
                
                    
                     
                
                    
                     
                
                <properties>
                     
                    
                        
                            <property name="step1" value="pass">
                                url('https://google.com')
                            </property>
                        
                    
                        
                            <property name="step2" value="pass">
                                setValue('textarea[class=gLFyf], nightwatchjs')
                            </property>
                        
                    
                        
                            <property name="step3" value="pass">
                                perform('function () { [native code] }')
                            </property>
                        
                    
                        
                            <property name="step4" value="pass">
                                waitForElementVisible('#main')
                            </property>
                        
                    
                        
                            <property name="step5" value="pass">
                                assert.textContains('#main, Nightwatch.js')
                            </property>
                        
                    
                        
                            <property name="step6" value="pass">
                                end('')
                            </property>
                        
                     
                </properties>
            </testcase>
        
            <testcase name="Failed Test" classname="google" time="12.21" assertions="1">
                
                      
                        <failure message="Timed out while waiting for element &lt;#main&gt; to be present for 5000 milliseconds. - expected &#34;visible&#34; but got: &#34;not found&#34; (5180ms)">    at DescribeInstance.&lt;anonymous&gt; (C:\path\nightwatch\google.ts:39:8)</failure>
                    
                    
                        <system-out>[[ATTACHMENT|C:\path\Failed_Test_FAILED_Feb-24-2024-210922-GMT-0500.png]]</system-out>
                     
                
                    <error message="Timed out while waiting for element &lt;#main&gt; to be present for 5000 milliseconds. - expected [32m&#34;visible&#34;[39m but got: [31m&#34;not found&#34;[39m [90m(5180ms)[39m" type="error"><![CDATA[Error
    at DescribeInstance.&lt;anonymous&gt; (C:\path\nightwatch\google.ts:39:8)
    at Context.call (C:\path\node_modules\nightwatch\lib\testsuite\context.js:509:35)
    at TestCase.run (C:\path\node_modules\nightwatch\lib\testsuite\testcase.js:58:31)
    at Runnable.__runFn (C:\path\node_modules\nightwatch\lib\testsuite\index.js:839:80)
    at Runnable.run (C:\path\node_modules\nightwatch\lib\testsuite\runnable.js:126:21)
    at TestSuite.executeRunnable (C:\path\node_modules\nightwatch\lib\testsuite\index.js:1000:49)
    at TestSuite.handleRunnable (C:\path\node_modules\nightwatch\lib\testsuite\index.js:1015:33)
    at C:\path\node_modules\nightwatch\lib\testsuite\index.js:839:21
    at processTicksAndRejections (node:internal/process/task_queues:95:5)
    at async DefaultRunner.runTestSuite (C:\path\node_modules\nightwatch\lib\runner\test-runners\default.js:83:7)]]></error>
                
                <properties>
[...]
</properties>
            </testcase>
        

    
        <system-err> NoSuchElementError
   An element could not be located on the page using the given search parameters.

    Try fixing by :
    1. Please inspect the html before the step
    2. Verify if an element with the mentioned selector is present in the DOM tree

    Error location:
    C:\path\nightwatch\google.ts:33
    –––––––––––––––––––––––––––––––––––––––––––––––––––––––––––––––––––––––––––––––––
     31 |   it(&#39;blah&#39;, () =&gt; {
     32 |     browser
     33 |       .setValue(&#39;input[name=q]&#39;, &#39;nightwatchjs&#39;) 
     34 |       .perform(function(this: any) {
     35 |         const actions = this.actions({async: true});
    –––––––––––––––––––––––––––––––––––––––––––––––––––––––––––––––––––––––––––––––––
</system-err>
    

    

    
  </testsuite>
</testsuites>